<?xml version="1.0" encoding="UTF-8"?>
<!-- Generated by org.testng.reporters.JUnitReportReporter -->
<testsuite hostname="pop-os" failures="0" tests="1" name="com.easyrestaurant.tests.FirstTest" time="3.553" errors="0" timestamp="2023-01-12T19:26:32 EET" skipped="0">
  <testcase classname="com.easyrestaurant.tests.FirstTest" name="test" time="3.553"/>
  <system-out/>
</testsuite> <!-- com.easyrestaurant.tests.FirstTest -->
